\BOOKMARK [0][-]{chapter.1}{\376\377\000S\000e\000q\000u\000e\000n\000c\000e\000s}{}% 1
\BOOKMARK [1][-]{section.1.1}{\376\377\000A\000t\000t\000r\000i\000b\000u\000t\000e\000s}{chapter.1}% 2
\BOOKMARK [1][-]{section.1.2}{\376\377\000M\000e\000t\000h\000o\000d\000s}{chapter.1}% 3
\BOOKMARK [1][-]{section.1.3}{\376\377\000M\000e\000t\000a\000m\000e\000t\000h\000o\000d\000s}{chapter.1}% 4
\BOOKMARK [1][-]{section.1.4}{\376\377\000S\000e\000q\000u\000e\000n\000c\000e\000s\000\040\000c\000r\000e\000a\000t\000i\000o\000n}{chapter.1}% 5
\BOOKMARK [1][-]{section.1.5}{\376\377\000E\000l\000e\000m\000e\000n\000t\000\040\000p\000o\000s\000i\000t\000i\000o\000n\000s}{chapter.1}% 6
\BOOKMARK [1][-]{section.1.6}{\376\377\000E\000l\000e\000m\000e\000n\000t\000\040\000s\000e\000l\000e\000c\000t\000i\000o\000n\000s}{chapter.1}% 7
\BOOKMARK [1][-]{section.1.7}{\376\377\000I\000n\000d\000e\000x\000e\000s\000,\000\040\000n\000a\000m\000e\000s\000\040\000a\000n\000d\000\040\000c\000o\000u\000n\000t\000s}{chapter.1}% 8
\BOOKMARK [1][-]{section.1.8}{\376\377\000E\000x\000a\000m\000p\000l\000e\000s}{chapter.1}% 9
\BOOKMARK [2][-]{subsection.1.8.1}{\376\377\000F\000O\000D\000O\000\040\000c\000e\000l\000l}{section.1.8}% 10
\BOOKMARK [2][-]{subsection.1.8.2}{\376\377\000S\000P\000S\000\040\000c\000o\000m\000p\000a\000c\000t\000\040\000d\000e\000s\000c\000r\000i\000p\000t\000i\000o\000n}{section.1.8}% 11
\BOOKMARK [2][-]{subsection.1.8.3}{\376\377\000I\000n\000s\000t\000a\000l\000l\000i\000n\000g\000\040\000e\000l\000e\000m\000e\000n\000t\000s\000\040\000I}{section.1.8}% 12
\BOOKMARK [2][-]{subsection.1.8.4}{\376\377\000I\000n\000s\000t\000a\000l\000l\000i\000n\000g\000\040\000e\000l\000e\000m\000e\000n\000t\000s\000\040\000I\000I}{section.1.8}% 13
\BOOKMARK [1][-]{section.1.9}{\376\377\000R\000a\000n\000d\000o\000m\000\040\000M\000a\000t\000h\000s}{chapter.1}% 14
\BOOKMARK [0][-]{chapter.2}{\376\377\000T\000y\000p\000e\000s}{}% 15
\BOOKMARK [0][-]{chapter.3}{\376\377\000G\000e\000n\000e\000r\000i\000c\000\040\000U\000t\000i\000l\000i\000t\000i\000e\000s}{}% 16
\BOOKMARK [0][-]{chapter.4}{\376\377\000E\000l\000e\000m\000e\000n\000t\000a\000r\000y\000\040\000C\000o\000n\000s\000t\000a\000n\000t\000s}{}% 17
\BOOKMARK [1][-]{section.4.1}{\376\377\000M\000a\000t\000h\000e\000m\000a\000t\000i\000c\000a\000l\000\040\000C\000o\000n\000s\000t\000a\000n\000t\000s}{chapter.4}% 18
\BOOKMARK [1][-]{section.4.2}{\376\377\000P\000h\000y\000s\000i\000c\000a\000l\000\040\000C\000o\000n\000s\000t\000a\000n\000t\000s}{chapter.4}% 19
\BOOKMARK [0][-]{chapter.5}{\376\377\000E\000l\000e\000m\000e\000n\000t\000s}{}% 20
\BOOKMARK [1][-]{section.5.1}{\376\377\000M\000i\000s\000a\000l\000i\000g\000n\000m\000e\000n\000t}{chapter.5}% 21
\BOOKMARK [0][-]{chapter.6}{\376\377\000T\000r\000a\000c\000k}{}% 22
\BOOKMARK [0][-]{chapter.7}{\376\377\000S\000u\000r\000v\000e\000y}{}% 23
\BOOKMARK [0][-]{chapter.8}{\376\377\000E\000l\000e\000m\000e\000n\000t\000a\000r\000y\000\040\000f\000u\000n\000c\000t\000i\000o\000n\000s}{}% 24
\BOOKMARK [1][-]{section.8.1}{\376\377\000G\000e\000n\000e\000r\000i\000c\000\040\000O\000p\000e\000r\000a\000t\000o\000r\000s}{chapter.8}% 25
\BOOKMARK [1][-]{section.8.2}{\376\377\000G\000e\000n\000e\000r\000i\000c\000\040\000F\000u\000n\000c\000t\000i\000o\000n\000s\000\040\000\050\000r\000e\000a\000l\000-\000l\000i\000k\000e\000\051}{chapter.8}% 26
\BOOKMARK [1][-]{section.8.3}{\376\377\000G\000e\000n\000e\000r\000i\000c\000\040\000F\000u\000n\000c\000t\000i\000o\000n\000s\000\040\000\050\000c\000o\000m\000p\000l\000e\000x\000-\000l\000i\000k\000e\000\051}{chapter.8}% 27
\BOOKMARK [1][-]{section.8.4}{\376\377\000G\000e\000n\000e\000r\000i\000c\000\040\000F\000u\000n\000c\000t\000i\000o\000n\000s\000\040\000\050\000E\000r\000r\000o\000r\000-\000l\000i\000k\000e\000\051}{chapter.8}% 28
\BOOKMARK [1][-]{section.8.5}{\376\377\000G\000e\000n\000e\000r\000i\000c\000\040\000F\000u\000n\000c\000t\000i\000o\000n\000s\000\040\000\050\000L\000e\000n\000g\000t\000h\000-\000A\000n\000g\000l\000e\000\040\000b\000a\000s\000e\000d\000\051}{chapter.8}% 29
\BOOKMARK [1][-]{section.8.6}{\376\377\000G\000e\000n\000e\000r\000i\000c\000\040\000F\000u\000n\000c\000t\000i\000o\000n\000s\000\040\000\050\000F\000o\000l\000d\000i\000n\000g\000-\000L\000e\000f\000t\000\040\000b\000a\000s\000e\000d\000\051}{chapter.8}% 30
\BOOKMARK [1][-]{section.8.7}{\376\377\000N\000o\000n\000-\000G\000e\000n\000e\000r\000i\000c\000\040\000F\000u\000n\000c\000t\000i\000o\000n\000s}{chapter.8}% 31
\BOOKMARK [1][-]{section.8.8}{\376\377\000R\000a\000n\000d\000o\000m\000\040\000n\000u\000m\000b\000e\000r\000\040\000g\000e\000n\000e\000r\000a\000t\000o\000r\000s}{chapter.8}% 32
\BOOKMARK [0][-]{chapter.9}{\376\377\000I\000n\000d\000i\000c\000e\000s\000\040\000a\000n\000d\000\040\000t\000a\000b\000l\000e\000s}{}% 33
\BOOKMARK [0][-]{section*.7}{\376\377\000I\000n\000d\000e\000x}{}% 34
