
** constants **

--- 'nul'
typ: 0 : tvnum
hex: 0x0000000000000000
val: nul
num: 0

--- 'nan'
typ: 0 : tvnum
hex: 0x7FF8000000000000
val: nan
num: nan

--- 'nil'
typ: 1 : tvnil
hex: 0xFFF8000000000000
val: nil

--- 'true'
typ: 2 : tvlog
hex: 0xFFF8400000000001
log: true

--- 'false'
typ: 2 : tvlog
hex: 0xFFF8400000000000
log: false

** values **

--- '0l'
typ: 2 : tvlog
hex: 0xFFF8400000000000
log: false

--- '1l'
typ: 2 : tvlog
hex: 0xFFF8400000000001
log: true

--- '-1l'
typ: 2 : tvlog
hex: 0xFFF8400000000001
log: true

--- '0i'
typ: 3 : tvint
hex: 0xFFF8800000000000
int: 0

--- '10i'
typ: 3 : tvint
hex: 0xFFF880000000000A
int: 10

--- '-10i'
typ: 3 : tvint
hex: 0xFFF8A0000000000A
int: -10

** numbers **

--- '0d'
typ: 0 : tvnum
hex: 0x0000000000000000
val: nul
num: 0

--- '-0d'
typ: 0 : tvnum
hex: 0x8000000000000000
num: -0

--- '10d'
typ: 0 : tvnum
hex: 0x4024000000000000
num: 10

--- '-10d'
typ: 0 : tvnum
hex: 0xC024000000000000
num: -10

--- '+inf'
typ: 0 : tvnum
hex: 0x7FF0000000000000
num: inf

--- '-inf'
typ: 0 : tvnum
hex: 0xFFF0000000000000
num: -inf

--- '+inf'
typ: 0 : tvnum
hex: 0x7FF0000000000000
num: inf

--- '-inf'
typ: 0 : tvnum
hex: 0xFFF0000000000000
num: -inf

--- 'nan'
typ: 0 : tvnum
hex: 0x7FF8000000000000
val: nan
num: nan

--- 'nan^2'
typ: 0 : tvnum
hex: 0x7FF8000000000000
val: nan
num: nan

--- 'nnan'
typ: 0 : tvnum
hex: 0x7FF8000000000000
val: nan
num: nan

--- 'tnan'
typ: 1 : tvnil
hex: 0xFFF8000000000000
val: nil

** pointers **

--- '&f'
typ: 5 : tvfun
hex: 0xFFF9000000000000
fun: 0x0

--- '&f'
typ: 5 : tvfun
hex: 0xFFF9000104893130
fun: 0x104893130

--- 'null'
typ: 6 : tvptr
hex: 0xFFFA000000000000
ptr: 0x0

--- '&v'
typ: 6 : tvptr
hex: 0xFFFA7FFF5B36DA50
ptr: 0x7fff5b36da50

--- 'p1'
typ: 6 : tvptr
hex: 0xFFFA7FFF5B36DA4E
ptr: 0x7fff5b36da4e

--- 'p2'
typ: 6 : tvptr
hex: 0xFFFA7FFF5B36DA4F
ptr: 0x7fff5b36da4f

--- '&c1'
typ: 7 : tvstr
hex: 0xFFFB7FFF5B36DA4E
ptr: 0x7fff5b36da4e
str: 0x7fff5b36da4e

--- '&c2'
typ: 7 : tvstr
hex: 0xFFFB7FFF5B36DA4F
ptr: 0x7fff5b36da4f
str: 0x7fff5b36da4f

--- 'a1'
typ: 8 : tvarr
hex: 0xFFFC7FFF5B36DA4E
ptr: 0x7fff5b36da4e
arr: 0x7fff5b36da4e

--- 'a2'
typ: 8 : tvarr
hex: 0xFFFC7FFF5B36DA4F
ptr: 0x7fff5b36da4f
arr: 0x7fff5b36da4f

--- 'o1'
typ: 9 : tvobj
hex: 0xFFFD7FFF5B36DA4E
ptr: 0x7fff5b36da4e
obj: 0x7fff5b36da4e

--- 'o2'
typ: 9 : tvobj
hex: 0xFFFD7FFF5B36DA4F
ptr: 0x7fff5b36da4f
obj: 0x7fff5b36da4f

** references **

--- '&v1'
typ: 11 : tvref
hex: 0xFFFF7FFF5B36DA60
ptr: 0x7fff5b36da60
ref: 0x7fff5b36da60
typ: 3
val: 100

--- '&v2'
typ: 11 : tvref
hex: 0xFFFF7FFF5B36DA68
ptr: 0x7fff5b36da68
ref: 0x7fff5b36da68
typ: 3
val: 101

--- '&v3'
typ: 11 : tvref
hex: 0xFFFF7FFF5B36DA70
ptr: 0x7fff5b36da70
ref: 0x7fff5b36da70
typ: 3
val: 102

--- '&v4'
typ: 11 : tvref
hex: 0xFFFF7FFF5B36DA78
ptr: 0x7fff5b36da78
ref: 0x7fff5b36da78
typ: 3
val: 103

--- '&r1'
typ: 11 : tvref
hex: 0xFFFF7FFF5B36DA60
ptr: 0x7fff5b36da60
ref: 0x7fff5b36da60
typ: 3
val: 100

--- '&r2'
typ: 11 : tvref
hex: 0xFFFF7FFF5B36DA68
ptr: 0x7fff5b36da68
ref: 0x7fff5b36da68
typ: 3
val: 100

--- '&r3'
typ: 11 : tvref
hex: 0xFFFF7FFF5B36DA70
ptr: 0x7fff5b36da70
ref: 0x7fff5b36da70
typ: 3
val: 100

--- '&r4'
typ: 11 : tvref
hex: 0xFFFF7FFF5B36DA78
ptr: 0x7fff5b36da78
ref: 0x7fff5b36da78
typ: 3
val: 100

** performance (conversions) **

int->tv->int: 1240654768 iter/sec (0.81 sec)
num->tv->num:  895743516 iter/sec (1.12 sec)
str->tv->str: 1320424860 iter/sec (0.76 sec)
ref->..->int:  816827963 iter/sec (1.22 sec)
